==================== ITERATION 1/4 ====================
  it1 unit/type/incr exit=0
 3440759/home/caetano/lab/dreads/blackbox/sweep-fuzz.sh, linha 22: 3440759 Morto                      $DREADS $CONF $PORT > /tmp/sweepfuzz-server.log 2>&1
  it1 unit/type/string exit=0
 3440788/home/caetano/lab/dreads/blackbox/sweep-fuzz.sh, linha 22: 3440788 Morto                      $DREADS $CONF $PORT > /tmp/sweepfuzz-server.log 2>&1
  it1 unit/type/list exit=1
 3441002/home/caetano/lab/dreads/blackbox/sweep-fuzz.sh, linha 22: 3441002 Morto                      $DREADS $CONF $PORT > /tmp/sweepfuzz-server.log 2>&1
  it1 unit/type/hash exit=0
 3441306/home/caetano/lab/dreads/blackbox/sweep-fuzz.sh, linha 22: 3441306 Morto                      $DREADS $CONF $PORT > /tmp/sweepfuzz-server.log 2>&1
  it1 unit/type/set exit=0
 3441377/home/caetano/lab/dreads/blackbox/sweep-fuzz.sh, linha 22: 3441377 Morto                      $DREADS $CONF $PORT > /tmp/sweepfuzz-server.log 2>&1
  it1 unit/type/zset exit=0
 3441496/home/caetano/lab/dreads/blackbox/sweep-fuzz.sh, linha 22: 3441496 Morto                      $DREADS $CONF $PORT > /tmp/sweepfuzz-server.log 2>&1
  it1 unit/type/stream exit=0
 3441876/home/caetano/lab/dreads/blackbox/sweep-fuzz.sh, linha 22: 3441876 Morto                      $DREADS $CONF $PORT > /tmp/sweepfuzz-server.log 2>&1
  it1 unit/type/stream-cgroups exit=0
 3442259/home/caetano/lab/dreads/blackbox/sweep-fuzz.sh, linha 22: 3442259 Morto                      $DREADS $CONF $PORT > /tmp/sweepfuzz-server.log 2>&1
  it1 unit/expire exit=1
 3442336/home/caetano/lab/dreads/blackbox/sweep-fuzz.sh, linha 22: 3442336 Morto                      $DREADS $CONF $PORT > /tmp/sweepfuzz-server.log 2>&1
  it1 unit/keyspace exit=0
 3442582/home/caetano/lab/dreads/blackbox/sweep-fuzz.sh, linha 22: 3442582 Morto                      $DREADS $CONF $PORT > /tmp/sweepfuzz-server.log 2>&1
  it1 unit/scan exit=0
 3442611/home/caetano/lab/dreads/blackbox/sweep-fuzz.sh, linha 22: 3442611 Morto                      $DREADS $CONF $PORT > /tmp/sweepfuzz-server.log 2>&1
  it1 unit/bitops exit=0
 3442742/home/caetano/lab/dreads/blackbox/sweep-fuzz.sh, linha 22: 3442742 Morto                      $DREADS $CONF $PORT > /tmp/sweepfuzz-server.log 2>&1
  it1 unit/bitfield exit=0
 3442778/home/caetano/lab/dreads/blackbox/sweep-fuzz.sh, linha 22: 3442778 Morto                      $DREADS $CONF $PORT > /tmp/sweepfuzz-server.log 2>&1
  it1 unit/other exit=1
 3442829/home/caetano/lab/dreads/blackbox/sweep-fuzz.sh, linha 22: 3442829 Morto                      $DREADS $CONF $PORT > /tmp/sweepfuzz-server.log 2>&1
  it1 unit/sort exit=0
 3442855/home/caetano/lab/dreads/blackbox/sweep-fuzz.sh, linha 22: 3442855 Morto                      $DREADS $CONF $PORT > /tmp/sweepfuzz-server.log 2>&1
  it1 unit/pause exit=0
 3442965/home/caetano/lab/dreads/blackbox/sweep-fuzz.sh, linha 22: 3442965 Morto                      $DREADS $CONF $PORT > /tmp/sweepfuzz-server.log 2>&1
  it1 unit/scripting exit=0
==================== ITERATION 2/4 ====================
 3443023/home/caetano/lab/dreads/blackbox/sweep-fuzz.sh, linha 22: 3443023 Morto                      $DREADS $CONF $PORT > /tmp/sweepfuzz-server.log 2>&1
  it2 unit/type/incr exit=0
 3443210/home/caetano/lab/dreads/blackbox/sweep-fuzz.sh, linha 22: 3443210 Morto                      $DREADS $CONF $PORT > /tmp/sweepfuzz-server.log 2>&1
  it2 unit/type/string exit=0
 3443233/home/caetano/lab/dreads/blackbox/sweep-fuzz.sh, linha 22: 3443233 Morto                      $DREADS $CONF $PORT > /tmp/sweepfuzz-server.log 2>&1
  it2 unit/type/list exit=1
 3443412/home/caetano/lab/dreads/blackbox/sweep-fuzz.sh, linha 22: 3443412 Morto                      $DREADS $CONF $PORT > /tmp/sweepfuzz-server.log 2>&1
  it2 unit/type/hash exit=0
 3443681/home/caetano/lab/dreads/blackbox/sweep-fuzz.sh, linha 22: 3443681 Morto                      $DREADS $CONF $PORT > /tmp/sweepfuzz-server.log 2>&1
  it2 unit/type/set exit=0
 3443733/home/caetano/lab/dreads/blackbox/sweep-fuzz.sh, linha 22: 3443733 Morto                      $DREADS $CONF $PORT > /tmp/sweepfuzz-server.log 2>&1
  it2 unit/type/zset exit=0
 3443853/home/caetano/lab/dreads/blackbox/sweep-fuzz.sh, linha 22: 3443853 Morto                      $DREADS $CONF $PORT > /tmp/sweepfuzz-server.log 2>&1
  it2 unit/type/stream exit=0
 3444205/home/caetano/lab/dreads/blackbox/sweep-fuzz.sh, linha 22: 3444205 Morto                      $DREADS $CONF $PORT > /tmp/sweepfuzz-server.log 2>&1
  it2 unit/type/stream-cgroups exit=0
 3444595/home/caetano/lab/dreads/blackbox/sweep-fuzz.sh, linha 22: 3444595 Morto                      $DREADS $CONF $PORT > /tmp/sweepfuzz-server.log 2>&1
  it2 unit/expire exit=1
 3444698/home/caetano/lab/dreads/blackbox/sweep-fuzz.sh, linha 22: 3444698 Morto                      $DREADS $CONF $PORT > /tmp/sweepfuzz-server.log 2>&1
  it2 unit/keyspace exit=0
 3444914/home/caetano/lab/dreads/blackbox/sweep-fuzz.sh, linha 22: 3444914 Morto                      $DREADS $CONF $PORT > /tmp/sweepfuzz-server.log 2>&1
  it2 unit/scan exit=0
 3444940/home/caetano/lab/dreads/blackbox/sweep-fuzz.sh, linha 22: 3444940 Morto                      $DREADS $CONF $PORT > /tmp/sweepfuzz-server.log 2>&1
  it2 unit/bitops exit=0
 3445132/home/caetano/lab/dreads/blackbox/sweep-fuzz.sh, linha 22: 3445132 Morto                      $DREADS $CONF $PORT > /tmp/sweepfuzz-server.log 2>&1
  it2 unit/bitfield exit=0
 3445183/home/caetano/lab/dreads/blackbox/sweep-fuzz.sh, linha 22: 3445183 Morto                      $DREADS $CONF $PORT > /tmp/sweepfuzz-server.log 2>&1
  it2 unit/other exit=1
 3445211/home/caetano/lab/dreads/blackbox/sweep-fuzz.sh, linha 22: 3445211 Morto                      $DREADS $CONF $PORT > /tmp/sweepfuzz-server.log 2>&1
  it2 unit/sort exit=0
 3445260/home/caetano/lab/dreads/blackbox/sweep-fuzz.sh, linha 22: 3445260 Morto                      $DREADS $CONF $PORT > /tmp/sweepfuzz-server.log 2>&1
  it2 unit/pause exit=0
 3445364/home/caetano/lab/dreads/blackbox/sweep-fuzz.sh, linha 22: 3445364 Morto                      $DREADS $CONF $PORT > /tmp/sweepfuzz-server.log 2>&1
  it2 unit/scripting exit=0
==================== ITERATION 3/4 ====================
 3445442/home/caetano/lab/dreads/blackbox/sweep-fuzz.sh, linha 22: 3445442 Morto                      $DREADS $CONF $PORT > /tmp/sweepfuzz-server.log 2>&1
  it3 unit/type/incr exit=0
 3445645/home/caetano/lab/dreads/blackbox/sweep-fuzz.sh, linha 22: 3445645 Morto                      $DREADS $CONF $PORT > /tmp/sweepfuzz-server.log 2>&1
  it3 unit/type/string exit=0
 3445698/home/caetano/lab/dreads/blackbox/sweep-fuzz.sh, linha 22: 3445698 Morto                      $DREADS $CONF $PORT > /tmp/sweepfuzz-server.log 2>&1
  it3 unit/type/list exit=1
 3445854/home/caetano/lab/dreads/blackbox/sweep-fuzz.sh, linha 22: 3445854 Morto                      $DREADS $CONF $PORT > /tmp/sweepfuzz-server.log 2>&1
  it3 unit/type/hash exit=0
 3446226/home/caetano/lab/dreads/blackbox/sweep-fuzz.sh, linha 22: 3446226 Morto                      $DREADS $CONF $PORT > /tmp/sweepfuzz-server.log 2>&1
  it3 unit/type/set exit=0
 3446293/home/caetano/lab/dreads/blackbox/sweep-fuzz.sh, linha 22: 3446293 Morto                      $DREADS $CONF $PORT > /tmp/sweepfuzz-server.log 2>&1
  it3 unit/type/zset exit=0
 3446386/home/caetano/lab/dreads/blackbox/sweep-fuzz.sh, linha 22: 3446386 Morto                      $DREADS $CONF $PORT > /tmp/sweepfuzz-server.log 2>&1
  it3 unit/type/stream exit=0
 3446736/home/caetano/lab/dreads/blackbox/sweep-fuzz.sh, linha 22: 3446736 Morto                      $DREADS $CONF $PORT > /tmp/sweepfuzz-server.log 2>&1
  it3 unit/type/stream-cgroups exit=0
 3447192/home/caetano/lab/dreads/blackbox/sweep-fuzz.sh, linha 22: 3447192 Morto                      $DREADS $CONF $PORT > /tmp/sweepfuzz-server.log 2>&1
  it3 unit/expire exit=1
 3447276/home/caetano/lab/dreads/blackbox/sweep-fuzz.sh, linha 22: 3447276 Morto                      $DREADS $CONF $PORT > /tmp/sweepfuzz-server.log 2>&1
  it3 unit/keyspace exit=0
 3447533/home/caetano/lab/dreads/blackbox/sweep-fuzz.sh, linha 22: 3447533 Morto                      $DREADS $CONF $PORT > /tmp/sweepfuzz-server.log 2>&1
  it3 unit/scan exit=0
 3447581/home/caetano/lab/dreads/blackbox/sweep-fuzz.sh, linha 22: 3447581 Morto                      $DREADS $CONF $PORT > /tmp/sweepfuzz-server.log 2>&1
  it3 unit/bitops exit=0
 3447692/home/caetano/lab/dreads/blackbox/sweep-fuzz.sh, linha 22: 3447692 Morto                      $DREADS $CONF $PORT > /tmp/sweepfuzz-server.log 2>&1
  it3 unit/bitfield exit=0
 3447774/home/caetano/lab/dreads/blackbox/sweep-fuzz.sh, linha 22: 3447774 Morto                      $DREADS $CONF $PORT > /tmp/sweepfuzz-server.log 2>&1
  it3 unit/other exit=1
 3447808/home/caetano/lab/dreads/blackbox/sweep-fuzz.sh, linha 22: 3447808 Morto                      $DREADS $CONF $PORT > /tmp/sweepfuzz-server.log 2>&1
  it3 unit/sort exit=0
 3447870/home/caetano/lab/dreads/blackbox/sweep-fuzz.sh, linha 22: 3447870 Morto                      $DREADS $CONF $PORT > /tmp/sweepfuzz-server.log 2>&1
  it3 unit/pause exit=0
 3447965/home/caetano/lab/dreads/blackbox/sweep-fuzz.sh, linha 22: 3447965 Morto                      $DREADS $CONF $PORT > /tmp/sweepfuzz-server.log 2>&1
  it3 unit/scripting exit=0
==================== ITERATION 4/4 ====================
 3448012/home/caetano/lab/dreads/blackbox/sweep-fuzz.sh, linha 22: 3448012 Morto                      $DREADS $CONF $PORT > /tmp/sweepfuzz-server.log 2>&1
  it4 unit/type/incr exit=0
 3448194/home/caetano/lab/dreads/blackbox/sweep-fuzz.sh, linha 22: 3448194 Morto                      $DREADS $CONF $PORT > /tmp/sweepfuzz-server.log 2>&1
  it4 unit/type/string exit=0
 3448225/home/caetano/lab/dreads/blackbox/sweep-fuzz.sh, linha 22: 3448225 Morto                      $DREADS $CONF $PORT > /tmp/sweepfuzz-server.log 2>&1
  it4 unit/type/list exit=1
 3448456/home/caetano/lab/dreads/blackbox/sweep-fuzz.sh, linha 22: 3448456 Morto                      $DREADS $CONF $PORT > /tmp/sweepfuzz-server.log 2>&1
  it4 unit/type/hash exit=0
 3448749/home/caetano/lab/dreads/blackbox/sweep-fuzz.sh, linha 22: 3448749 Morto                      $DREADS $CONF $PORT > /tmp/sweepfuzz-server.log 2>&1
  it4 unit/type/set exit=0
 3448862/home/caetano/lab/dreads/blackbox/sweep-fuzz.sh, linha 22: 3448862 Morto                      $DREADS $CONF $PORT > /tmp/sweepfuzz-server.log 2>&1
  it4 unit/type/zset exit=0
 3448967/home/caetano/lab/dreads/blackbox/sweep-fuzz.sh, linha 22: 3448967 Morto                      $DREADS $CONF $PORT > /tmp/sweepfuzz-server.log 2>&1
  it4 unit/type/stream exit=0
 3449389/home/caetano/lab/dreads/blackbox/sweep-fuzz.sh, linha 22: 3449389 Morto                      $DREADS $CONF $PORT > /tmp/sweepfuzz-server.log 2>&1
  it4 unit/type/stream-cgroups exit=0
 3449829/home/caetano/lab/dreads/blackbox/sweep-fuzz.sh, linha 22: 3449829 Morto                      $DREADS $CONF $PORT > /tmp/sweepfuzz-server.log 2>&1
  it4 unit/expire exit=1
 3449926/home/caetano/lab/dreads/blackbox/sweep-fuzz.sh, linha 22: 3449926 Morto                      $DREADS $CONF $PORT > /tmp/sweepfuzz-server.log 2>&1
  it4 unit/keyspace exit=0
 3450169/home/caetano/lab/dreads/blackbox/sweep-fuzz.sh, linha 22: 3450169 Morto                      $DREADS $CONF $PORT > /tmp/sweepfuzz-server.log 2>&1
  it4 unit/scan exit=0
 3450227/home/caetano/lab/dreads/blackbox/sweep-fuzz.sh, linha 22: 3450227 Morto                      $DREADS $CONF $PORT > /tmp/sweepfuzz-server.log 2>&1
  it4 unit/bitops exit=0
 3450381/home/caetano/lab/dreads/blackbox/sweep-fuzz.sh, linha 22: 3450381 Morto                      $DREADS $CONF $PORT > /tmp/sweepfuzz-server.log 2>&1
  it4 unit/bitfield exit=0
 3450447/home/caetano/lab/dreads/blackbox/sweep-fuzz.sh, linha 22: 3450447 Morto                      $DREADS $CONF $PORT > /tmp/sweepfuzz-server.log 2>&1
  it4 unit/other exit=1
 3450476/home/caetano/lab/dreads/blackbox/sweep-fuzz.sh, linha 22: 3450476 Morto                      $DREADS $CONF $PORT > /tmp/sweepfuzz-server.log 2>&1
  it4 unit/sort exit=0
 3450524/home/caetano/lab/dreads/blackbox/sweep-fuzz.sh, linha 22: 3450524 Morto                      $DREADS $CONF $PORT > /tmp/sweepfuzz-server.log 2>&1
  it4 unit/pause exit=0
 3450693/home/caetano/lab/dreads/blackbox/sweep-fuzz.sh, linha 22: 3450693 Morto                      $DREADS $CONF $PORT > /tmp/sweepfuzz-server.log 2>&1
  it4 unit/scripting exit=0
 3450782=== 4 iterations, hangs=0 ===
/home/caetano/lab/dreads/blackbox/sweep-fuzz.sh, linha 22: 3450782 Morto                      $DREADS $CONF $PORT > /tmp/sweepfuzz-server.log 2>&1
